INFO: kbplacer_plugin_action.py:70: Plugin version: 0.14
INFO: kbplacer_plugin_action.py:71: Python version: '3.11.2 (main, Apr 28 2025, 14:11:48) [GCC 12.2.0]'
INFO: kbplacer_plugin_action.py:72: KiCad version: 9.0.2 with 4.2.0 gtk3 (phoenix) wxWidgets 3.2.2
INFO: kbplacer_dialog.py:631: Language: en
INFO: kbplacer_plugin_action.py:80: GUI state: {"layout_path": "/home/maes/Downloads/keyboard-layout-thumbs.json", "key_distance": [19.05, 19.05], "key_info": {"annotation_format": "S{}", "position_option": "Default", "position": {"x": 0.0, "y": 0.0, "orientation": 0.0, "side": "Front"}, "template_path": ""}, "enable_diode_placement": true, "route_switches_with_diodes": false, "optimize_diodes_orientation": false, "diode_info": {"annotation_format": "D{}", "position_option": "Custom", "position": {"x": -5.0, "y": 10.0, "orientation": 0.0, "side": "Front"}, "template_path": ""}, "additional_elements": [{"annotation_format": "ST{}", "position_option": "Custom", "position": {"x": 0.0, "y": 0.0, "orientation": 0.0, "side": "Front"}, "template_path": ""}], "route_rows_and_columns": false, "template_path": "", "generate_outline": false, "outline_delta": 0.0}
DEBUG: key_placer.py:424: Set key 1U distance: 19050000/19050000
DEBUG: key_placer.py:141: Switches by nets: defaultdict(<class 'list'>, {frozenset({'Col5 R', 'raw3 R'}): ['S48'], frozenset({'Col4 R', 'raw3 R'}): ['S47'], frozenset({'Col3 R', 'raw3 R'}): ['S46'], frozenset({'Col2 R', 'raw3 R'}): ['S45'], frozenset({'Col1 R', 'raw3 R'}): ['S44'], frozenset({'Col0 R', 'raw3 R'}): ['S43'], frozenset({'Col5 L', 'raw3 L'}): ['S42'], frozenset({'Col4 L', 'raw3 L'}): ['S41'], frozenset({'Col3 L', 'raw3 L'}): ['S40'], frozenset({'Col2 L', 'raw3 L'}): ['S39'], frozenset({'Col1 L', 'raw3 L'}): ['S38'], frozenset({'Col0 L', 'raw3 L'}): ['S37'], frozenset({'Col5 R', 'raw2 R'}): ['S36'], frozenset({'Col4 R', 'raw2 R'}): ['S35'], frozenset({'Col3 R', 'raw2 R'}): ['S34'], frozenset({'Col2 R', 'raw2 R'}): ['S33'], frozenset({'Col1 R', 'raw2 R'}): ['S32'], frozenset({'Col0 R', 'raw2 R'}): ['S31'], frozenset({'Col5 L', 'raw2 L'}): ['S30'], frozenset({'Col4 L', 'raw2 L'}): ['S29'], frozenset({'Col3 L', 'raw2 L'}): ['S28'], frozenset({'Col2 L', 'raw2 L'}): ['S27'], frozenset({'Col1 L', 'raw2 L'}): ['S26'], frozenset({'Col0 L', 'raw2 L'}): ['S25'], frozenset({'raw1 R', 'Col5 R'}): ['S24'], frozenset({'raw1 R', 'Col4 R'}): ['S23'], frozenset({'Col3 R', 'raw1 R'}): ['S22'], frozenset({'raw1 R', 'Col2 R'}): ['S21'], frozenset({'raw1 R', 'Col1 R'}): ['S20'], frozenset({'raw1 R', 'Col0 R'}): ['S19'], frozenset({'raw1 L', 'Col5 L'}): ['S18'], frozenset({'raw1 L', 'Col4 L'}): ['S17'], frozenset({'Col3 L', 'raw1 L'}): ['S16'], frozenset({'raw1 L', 'Col2 L'}): ['S15'], frozenset({'raw1 L', 'Col1 L'}): ['S14'], frozenset({'Col0 L', 'raw1 L'}): ['S13'], frozenset({'raw0 R', 'Col5 R'}): ['S12'], frozenset({'raw0 R', 'Col4 R'}): ['S11'], frozenset({'Col3 R', 'raw0 R'}): ['S10'], frozenset({'raw0 R', 'Col2 R'}): ['S9'], frozenset({'raw0 R', 'Col1 R'}): ['S8'], frozenset({'raw0 R', 'Col0 R'}): ['S7'], frozenset({'raw0 L', 'Col5 L'}): ['S6'], frozenset({'raw0 L', 'Col4 L'}): ['S5'], frozenset({'Col3 L', 'raw0 L'}): ['S4'], frozenset({'raw0 L', 'Col2 L'}): ['S3'], frozenset({'raw0 L', 'Col1 L'}): ['S2'], frozenset({'Col0 L', 'raw0 L'}): ['S1']})
DEBUG: key_placer.py:145: Diodes by switch: {'S48': ['D48'], 'S47': ['D47'], 'S46': ['D46'], 'S45': ['D45'], 'S44': ['D44'], 'S43': ['D43'], 'S42': ['D42'], 'S41': ['D41'], 'S40': ['D40'], 'S39': ['D39'], 'S38': ['D38'], 'S37': ['D37'], 'S36': ['D36'], 'S35': ['D35'], 'S34': ['D34'], 'S33': ['D33'], 'S32': ['D32'], 'S31': ['D31'], 'S30': ['D30'], 'S29': ['D29'], 'S28': ['D28'], 'S27': ['D27'], 'S26': ['D26'], 'S25': ['D25'], 'S24': ['D24'], 'S23': ['D23'], 'S22': ['D22'], 'S21': ['D21'], 'S20': ['D20'], 'S19': ['D19'], 'S18': ['D18'], 'S17': ['D17'], 'S16': ['D16'], 'S15': ['D15'], 'S14': ['D14'], 'S13': ['D13'], 'S12': ['D12'], 'S11': ['D11'], 'S10': ['D10'], 'S9': ['D9'], 'S8': ['D8'], 'S7': ['D7'], 'S6': ['D6'], 'S5': ['D5'], 'S4': ['D4'], 'S3': ['D3'], 'S2': ['D2'], 'S1': ['D1']}
INFO: kle_serial.py:931: User layout: [{'switchMount': 'cherry'}, [{'x': 0.75, 'sm': 'cherry', 'a': 7, 'w': 1.25}, '', '', '', '', '', '', {'x': 3}, '', '', '', '', '', {'w': 1.25}, ''], [{'x': 0.75, 'w': 1.25}, '', '', '', '', '', '', {'x': 3}, '', '', '', '', '', {'w': 1.25}, ''], [{'x': 0.75, 'w': 1.25}, '', '', '', '', '', '', {'x': 3}, '', '', '', '', '', {'w': 1.25}, ''], [{'x': 0.75, 'w': 1.25}, '', '', '', '', {'w': 2}, '', {'x': 3, 'w': 2}, '', '', '', '', {'w': 1.25}, ''], [{'r': 15, 'rx': 8.5, 'ry': 3.25, 'y': 0.25, 'x': -1.25, 'sm': ''}, ''], [{'r': -15, 'y': -1, 'x': 0.25}, '']]
DEBUG: key_placer.py:724: Layout offset: (30956250, 28575000)
DEBUG: kle_serial.py:990: Layout with: x_ortholinear_keys=5, y_ortholinear_keys=46, rotated_keys=2, encoders=0, iso_enters=0 and unrecognized_shape_keys=0
DEBUG: kle_serial.py:1015: Layout tagged: [<KeyboardTag.OTHER: 4>]
WARNING: key_placer.py:741: Layout of this kind with missing key matrix annotations may produce unexpected footprint order. For details see: https://github.com/adamws/kicad-kbplacer/blob/master/docs/annotation_guide.md
DEBUG: board_modifier.py:94: Setting S1 footprint position: (57150000, 38100000)
DEBUG: board_modifier.py:94: Setting S2 footprint position: (78581250, 38100000)
DEBUG: board_modifier.py:94: Setting S3 footprint position: (97631250, 38100000)
DEBUG: board_modifier.py:94: Setting S4 footprint position: (116681250, 38100000)
DEBUG: board_modifier.py:94: Setting S5 footprint position: (135731250, 38100000)
DEBUG: board_modifier.py:94: Setting S6 footprint position: (154781250, 38100000)
DEBUG: board_modifier.py:94: Setting S7 footprint position: (230981250, 38100000)
DEBUG: board_modifier.py:94: Setting S8 footprint position: (250031250, 38100000)
DEBUG: board_modifier.py:94: Setting S9 footprint position: (269081250, 38100000)
DEBUG: board_modifier.py:94: Setting S10 footprint position: (288131250, 38100000)
DEBUG: board_modifier.py:94: Setting S11 footprint position: (307181250, 38100000)
DEBUG: board_modifier.py:94: Setting S12 footprint position: (328612500, 38100000)
DEBUG: board_modifier.py:94: Setting S13 footprint position: (57150000, 57150000)
DEBUG: board_modifier.py:94: Setting S14 footprint position: (78581250, 57150000)
DEBUG: board_modifier.py:94: Setting S15 footprint position: (97631250, 57150000)
DEBUG: board_modifier.py:94: Setting S16 footprint position: (116681250, 57150000)
DEBUG: board_modifier.py:94: Setting S17 footprint position: (135731250, 57150000)
DEBUG: board_modifier.py:94: Setting S18 footprint position: (154781250, 57150000)
DEBUG: board_modifier.py:94: Setting S19 footprint position: (230981250, 57150000)
DEBUG: board_modifier.py:94: Setting S20 footprint position: (250031250, 57150000)
DEBUG: board_modifier.py:94: Setting S21 footprint position: (269081250, 57150000)
DEBUG: board_modifier.py:94: Setting S22 footprint position: (288131250, 57150000)
DEBUG: board_modifier.py:94: Setting S23 footprint position: (307181250, 57150000)
DEBUG: board_modifier.py:94: Setting S24 footprint position: (328612500, 57150000)
DEBUG: board_modifier.py:94: Setting S25 footprint position: (57150000, 76200000)
DEBUG: board_modifier.py:94: Setting S26 footprint position: (78581250, 76200000)
DEBUG: board_modifier.py:94: Setting S27 footprint position: (97631250, 76200000)
DEBUG: board_modifier.py:94: Setting S28 footprint position: (116681250, 76200000)
DEBUG: board_modifier.py:94: Setting S29 footprint position: (135731250, 76200000)
DEBUG: board_modifier.py:94: Setting S30 footprint position: (154781250, 76200000)
DEBUG: board_modifier.py:94: Setting S31 footprint position: (230981250, 76200000)
DEBUG: board_modifier.py:94: Setting S32 footprint position: (250031250, 76200000)
DEBUG: board_modifier.py:94: Setting S33 footprint position: (269081250, 76200000)
DEBUG: board_modifier.py:94: Setting S34 footprint position: (288131250, 76200000)
DEBUG: board_modifier.py:94: Setting S35 footprint position: (307181250, 76200000)
DEBUG: board_modifier.py:94: Setting S36 footprint position: (328612500, 76200000)
DEBUG: board_modifier.py:94: Setting S37 footprint position: (57150000, 95250000)
DEBUG: board_modifier.py:94: Setting S38 footprint position: (78581250, 95250000)
DEBUG: board_modifier.py:94: Setting S39 footprint position: (97631250, 95250000)
DEBUG: board_modifier.py:94: Setting S40 footprint position: (116681250, 95250000)
DEBUG: board_modifier.py:94: Setting S41 footprint position: (145256250, 95250000)
DEBUG: board_modifier.py:94: Setting S42 footprint position: (240506250, 95250000)
DEBUG: board_modifier.py:94: Setting S43 footprint position: (269081250, 95250000)
DEBUG: board_modifier.py:94: Setting S44 footprint position: (288131250, 95250000)
DEBUG: board_modifier.py:94: Setting S45 footprint position: (307181250, 95250000)
DEBUG: board_modifier.py:94: Setting S46 footprint position: (328612500, 95250000)
DEBUG: board_modifier.py:94: Setting S47 footprint position: (178593750, 104775000)
DEBUG: board_modifier.py:94: Setting S48 footprint position: (207168750, 104775000)
INFO: key_placer.py:1078: Diode info: [ElementInfo(annotation_format='D{}', position_option=<PositionOption.CUSTOM: 'Custom'>, position=ElementPosition(x=-5.0, y=10.0, orientation=0.0, side=<Side.FRONT: 'Front'>), template_path='')]
DEBUG: board_modifier.py:107: Getting S1 footprint position: (57150000, 38100000)
DEBUG: board_modifier.py:94: Setting D1 footprint position: (52150000, 48100000)
DEBUG: board_modifier.py:107: Getting S2 footprint position: (78581250, 38100000)
DEBUG: board_modifier.py:94: Setting D2 footprint position: (73581250, 48100000)
DEBUG: board_modifier.py:107: Getting S3 footprint position: (97631250, 38100000)
DEBUG: board_modifier.py:94: Setting D3 footprint position: (92631250, 48100000)
DEBUG: board_modifier.py:107: Getting S4 footprint position: (116681250, 38100000)
DEBUG: board_modifier.py:94: Setting D4 footprint position: (111681250, 48100000)
DEBUG: board_modifier.py:107: Getting S5 footprint position: (135731250, 38100000)
DEBUG: board_modifier.py:94: Setting D5 footprint position: (130731250, 48100000)
DEBUG: board_modifier.py:107: Getting S6 footprint position: (154781250, 38100000)
DEBUG: board_modifier.py:94: Setting D6 footprint position: (149781250, 48100000)
DEBUG: board_modifier.py:107: Getting S7 footprint position: (230981250, 38100000)
DEBUG: board_modifier.py:94: Setting D7 footprint position: (225981250, 48100000)
DEBUG: board_modifier.py:107: Getting S8 footprint position: (250031250, 38100000)
DEBUG: board_modifier.py:94: Setting D8 footprint position: (245031250, 48100000)
DEBUG: board_modifier.py:107: Getting S9 footprint position: (269081250, 38100000)
DEBUG: board_modifier.py:94: Setting D9 footprint position: (264081250, 48100000)
DEBUG: board_modifier.py:107: Getting S10 footprint position: (288131250, 38100000)
DEBUG: board_modifier.py:94: Setting D10 footprint position: (283131250, 48100000)
DEBUG: board_modifier.py:107: Getting S11 footprint position: (307181250, 38100000)
DEBUG: board_modifier.py:94: Setting D11 footprint position: (302181250, 48100000)
DEBUG: board_modifier.py:107: Getting S12 footprint position: (328612500, 38100000)
DEBUG: board_modifier.py:94: Setting D12 footprint position: (323612500, 48100000)
DEBUG: board_modifier.py:107: Getting S13 footprint position: (57150000, 57150000)
DEBUG: board_modifier.py:94: Setting D13 footprint position: (52150000, 67150000)
DEBUG: board_modifier.py:107: Getting S14 footprint position: (78581250, 57150000)
DEBUG: board_modifier.py:94: Setting D14 footprint position: (73581250, 67150000)
DEBUG: board_modifier.py:107: Getting S15 footprint position: (97631250, 57150000)
DEBUG: board_modifier.py:94: Setting D15 footprint position: (92631250, 67150000)
DEBUG: board_modifier.py:107: Getting S16 footprint position: (116681250, 57150000)
DEBUG: board_modifier.py:94: Setting D16 footprint position: (111681250, 67150000)
DEBUG: board_modifier.py:107: Getting S17 footprint position: (135731250, 57150000)
DEBUG: board_modifier.py:94: Setting D17 footprint position: (130731250, 67150000)
DEBUG: board_modifier.py:107: Getting S18 footprint position: (154781250, 57150000)
DEBUG: board_modifier.py:94: Setting D18 footprint position: (149781250, 67150000)
DEBUG: board_modifier.py:107: Getting S19 footprint position: (230981250, 57150000)
DEBUG: board_modifier.py:94: Setting D19 footprint position: (225981250, 67150000)
DEBUG: board_modifier.py:107: Getting S20 footprint position: (250031250, 57150000)
DEBUG: board_modifier.py:94: Setting D20 footprint position: (245031250, 67150000)
DEBUG: board_modifier.py:107: Getting S21 footprint position: (269081250, 57150000)
DEBUG: board_modifier.py:94: Setting D21 footprint position: (264081250, 67150000)
DEBUG: board_modifier.py:107: Getting S22 footprint position: (288131250, 57150000)
DEBUG: board_modifier.py:94: Setting D22 footprint position: (283131250, 67150000)
DEBUG: board_modifier.py:107: Getting S23 footprint position: (307181250, 57150000)
DEBUG: board_modifier.py:94: Setting D23 footprint position: (302181250, 67150000)
DEBUG: board_modifier.py:107: Getting S24 footprint position: (328612500, 57150000)
DEBUG: board_modifier.py:94: Setting D24 footprint position: (323612500, 67150000)
DEBUG: board_modifier.py:107: Getting S25 footprint position: (57150000, 76200000)
DEBUG: board_modifier.py:94: Setting D25 footprint position: (52150000, 86200000)
DEBUG: board_modifier.py:107: Getting S26 footprint position: (78581250, 76200000)
DEBUG: board_modifier.py:94: Setting D26 footprint position: (73581250, 86200000)
DEBUG: board_modifier.py:107: Getting S27 footprint position: (97631250, 76200000)
DEBUG: board_modifier.py:94: Setting D27 footprint position: (92631250, 86200000)
DEBUG: board_modifier.py:107: Getting S28 footprint position: (116681250, 76200000)
DEBUG: board_modifier.py:94: Setting D28 footprint position: (111681250, 86200000)
DEBUG: board_modifier.py:107: Getting S29 footprint position: (135731250, 76200000)
DEBUG: board_modifier.py:94: Setting D29 footprint position: (130731250, 86200000)
DEBUG: board_modifier.py:107: Getting S30 footprint position: (154781250, 76200000)
DEBUG: board_modifier.py:94: Setting D30 footprint position: (149781250, 86200000)
DEBUG: board_modifier.py:107: Getting S31 footprint position: (230981250, 76200000)
DEBUG: board_modifier.py:94: Setting D31 footprint position: (225981250, 86200000)
DEBUG: board_modifier.py:107: Getting S32 footprint position: (250031250, 76200000)
DEBUG: board_modifier.py:94: Setting D32 footprint position: (245031250, 86200000)
DEBUG: board_modifier.py:107: Getting S33 footprint position: (269081250, 76200000)
DEBUG: board_modifier.py:94: Setting D33 footprint position: (264081250, 86200000)
DEBUG: board_modifier.py:107: Getting S34 footprint position: (288131250, 76200000)
DEBUG: board_modifier.py:94: Setting D34 footprint position: (283131250, 86200000)
DEBUG: board_modifier.py:107: Getting S35 footprint position: (307181250, 76200000)
DEBUG: board_modifier.py:94: Setting D35 footprint position: (302181250, 86200000)
DEBUG: board_modifier.py:107: Getting S36 footprint position: (328612500, 76200000)
DEBUG: board_modifier.py:94: Setting D36 footprint position: (323612500, 86200000)
DEBUG: board_modifier.py:107: Getting S37 footprint position: (57150000, 95250000)
DEBUG: board_modifier.py:94: Setting D37 footprint position: (52150000, 105250000)
DEBUG: board_modifier.py:107: Getting S38 footprint position: (78581250, 95250000)
DEBUG: board_modifier.py:94: Setting D38 footprint position: (73581250, 105250000)
DEBUG: board_modifier.py:107: Getting S39 footprint position: (97631250, 95250000)
DEBUG: board_modifier.py:94: Setting D39 footprint position: (92631250, 105250000)
DEBUG: board_modifier.py:107: Getting S40 footprint position: (116681250, 95250000)
DEBUG: board_modifier.py:94: Setting D40 footprint position: (111681250, 105250000)
DEBUG: board_modifier.py:107: Getting S41 footprint position: (145256250, 95250000)
DEBUG: board_modifier.py:94: Setting D41 footprint position: (140256250, 105250000)
DEBUG: board_modifier.py:107: Getting S42 footprint position: (240506250, 95250000)
DEBUG: board_modifier.py:94: Setting D42 footprint position: (235506250, 105250000)
DEBUG: board_modifier.py:107: Getting S43 footprint position: (269081250, 95250000)
DEBUG: board_modifier.py:94: Setting D43 footprint position: (264081250, 105250000)
DEBUG: board_modifier.py:107: Getting S44 footprint position: (288131250, 95250000)
DEBUG: board_modifier.py:94: Setting D44 footprint position: (283131250, 105250000)
DEBUG: board_modifier.py:107: Getting S45 footprint position: (307181250, 95250000)
DEBUG: board_modifier.py:94: Setting D45 footprint position: (302181250, 105250000)
DEBUG: board_modifier.py:107: Getting S46 footprint position: (328612500, 95250000)
DEBUG: board_modifier.py:94: Setting D46 footprint position: (323612500, 105250000)
DEBUG: board_modifier.py:107: Getting S47 footprint position: (175382708, 100590288)
DEBUG: board_modifier.py:94: Setting D47 footprint position: (167964889, 108955451)
DEBUG: board_modifier.py:107: Getting D47 footprint position: (167964889, 108955451)
DEBUG: board_modifier.py:107: Getting S48 footprint position: (210379792, 100590288)
DEBUG: board_modifier.py:94: Setting D48 footprint position: (208138354, 111543641)
DEBUG: board_modifier.py:107: Getting D48 footprint position: (208138354, 111543641)
DEBUG: key_placer.py:854: Placing additional elements for S48
DEBUG: board_modifier.py:107: Getting S48 footprint position: (210379792, 100590288)
DEBUG: board_modifier.py:84: Searching for optional ST48 footprint in /home/maes/repos/mykeyboard/first/first.kicad_pcb
DEBUG: board_modifier.py:89: Footprint not found
DEBUG: key_placer.py:854: Placing additional elements for S47
DEBUG: board_modifier.py:107: Getting S47 footprint position: (175382708, 100590288)
DEBUG: board_modifier.py:84: Searching for optional ST47 footprint in /home/maes/repos/mykeyboard/first/first.kicad_pcb
DEBUG: board_modifier.py:89: Footprint not found
DEBUG: key_placer.py:854: Placing additional elements for S46
DEBUG: board_modifier.py:107: Getting S46 footprint position: (328612500, 95250000)
DEBUG: board_modifier.py:84: Searching for optional ST46 footprint in /home/maes/repos/mykeyboard/first/first.kicad_pcb
DEBUG: board_modifier.py:89: Footprint not found
DEBUG: key_placer.py:854: Placing additional elements for S45
DEBUG: board_modifier.py:107: Getting S45 footprint position: (307181250, 95250000)
DEBUG: board_modifier.py:84: Searching for optional ST45 footprint in /home/maes/repos/mykeyboard/first/first.kicad_pcb
DEBUG: board_modifier.py:89: Footprint not found
DEBUG: key_placer.py:854: Placing additional elements for S44
DEBUG: board_modifier.py:107: Getting S44 footprint position: (288131250, 95250000)
DEBUG: board_modifier.py:84: Searching for optional ST44 footprint in /home/maes/repos/mykeyboard/first/first.kicad_pcb
DEBUG: board_modifier.py:89: Footprint not found
DEBUG: key_placer.py:854: Placing additional elements for S43
DEBUG: board_modifier.py:107: Getting S43 footprint position: (269081250, 95250000)
DEBUG: board_modifier.py:84: Searching for optional ST43 footprint in /home/maes/repos/mykeyboard/first/first.kicad_pcb
DEBUG: board_modifier.py:89: Footprint not found
DEBUG: key_placer.py:854: Placing additional elements for S42
DEBUG: board_modifier.py:107: Getting S42 footprint position: (240506250, 95250000)
DEBUG: board_modifier.py:84: Searching for optional ST42 footprint in /home/maes/repos/mykeyboard/first/first.kicad_pcb
DEBUG: board_modifier.py:89: Footprint not found
DEBUG: key_placer.py:854: Placing additional elements for S41
DEBUG: board_modifier.py:107: Getting S41 footprint position: (145256250, 95250000)
DEBUG: board_modifier.py:84: Searching for optional ST41 footprint in /home/maes/repos/mykeyboard/first/first.kicad_pcb
DEBUG: board_modifier.py:89: Footprint not found
DEBUG: key_placer.py:854: Placing additional elements for S40
DEBUG: board_modifier.py:107: Getting S40 footprint position: (116681250, 95250000)
DEBUG: board_modifier.py:84: Searching for optional ST40 footprint in /home/maes/repos/mykeyboard/first/first.kicad_pcb
DEBUG: board_modifier.py:89: Footprint not found
DEBUG: key_placer.py:854: Placing additional elements for S39
DEBUG: board_modifier.py:107: Getting S39 footprint position: (97631250, 95250000)
DEBUG: board_modifier.py:84: Searching for optional ST39 footprint in /home/maes/repos/mykeyboard/first/first.kicad_pcb
DEBUG: board_modifier.py:89: Footprint not found
DEBUG: key_placer.py:854: Placing additional elements for S38
DEBUG: board_modifier.py:107: Getting S38 footprint position: (78581250, 95250000)
DEBUG: board_modifier.py:84: Searching for optional ST38 footprint in /home/maes/repos/mykeyboard/first/first.kicad_pcb
DEBUG: board_modifier.py:89: Footprint not found
DEBUG: key_placer.py:854: Placing additional elements for S37
DEBUG: board_modifier.py:107: Getting S37 footprint position: (57150000, 95250000)
DEBUG: board_modifier.py:84: Searching for optional ST37 footprint in /home/maes/repos/mykeyboard/first/first.kicad_pcb
DEBUG: board_modifier.py:89: Footprint not found
DEBUG: key_placer.py:854: Placing additional elements for S36
DEBUG: board_modifier.py:107: Getting S36 footprint position: (328612500, 76200000)
DEBUG: board_modifier.py:84: Searching for optional ST36 footprint in /home/maes/repos/mykeyboard/first/first.kicad_pcb
DEBUG: board_modifier.py:89: Footprint not found
DEBUG: key_placer.py:854: Placing additional elements for S35
DEBUG: board_modifier.py:107: Getting S35 footprint position: (307181250, 76200000)
DEBUG: board_modifier.py:84: Searching for optional ST35 footprint in /home/maes/repos/mykeyboard/first/first.kicad_pcb
DEBUG: board_modifier.py:89: Footprint not found
DEBUG: key_placer.py:854: Placing additional elements for S34
DEBUG: board_modifier.py:107: Getting S34 footprint position: (288131250, 76200000)
DEBUG: board_modifier.py:84: Searching for optional ST34 footprint in /home/maes/repos/mykeyboard/first/first.kicad_pcb
DEBUG: board_modifier.py:89: Footprint not found
DEBUG: key_placer.py:854: Placing additional elements for S33
DEBUG: board_modifier.py:107: Getting S33 footprint position: (269081250, 76200000)
DEBUG: board_modifier.py:84: Searching for optional ST33 footprint in /home/maes/repos/mykeyboard/first/first.kicad_pcb
DEBUG: board_modifier.py:89: Footprint not found
DEBUG: key_placer.py:854: Placing additional elements for S32
DEBUG: board_modifier.py:107: Getting S32 footprint position: (250031250, 76200000)
DEBUG: board_modifier.py:84: Searching for optional ST32 footprint in /home/maes/repos/mykeyboard/first/first.kicad_pcb
DEBUG: board_modifier.py:89: Footprint not found
DEBUG: key_placer.py:854: Placing additional elements for S31
DEBUG: board_modifier.py:107: Getting S31 footprint position: (230981250, 76200000)
DEBUG: board_modifier.py:84: Searching for optional ST31 footprint in /home/maes/repos/mykeyboard/first/first.kicad_pcb
DEBUG: board_modifier.py:89: Footprint not found
DEBUG: key_placer.py:854: Placing additional elements for S30
DEBUG: board_modifier.py:107: Getting S30 footprint position: (154781250, 76200000)
DEBUG: board_modifier.py:84: Searching for optional ST30 footprint in /home/maes/repos/mykeyboard/first/first.kicad_pcb
DEBUG: board_modifier.py:89: Footprint not found
DEBUG: key_placer.py:854: Placing additional elements for S29
DEBUG: board_modifier.py:107: Getting S29 footprint position: (135731250, 76200000)
DEBUG: board_modifier.py:84: Searching for optional ST29 footprint in /home/maes/repos/mykeyboard/first/first.kicad_pcb
DEBUG: board_modifier.py:89: Footprint not found
DEBUG: key_placer.py:854: Placing additional elements for S28
DEBUG: board_modifier.py:107: Getting S28 footprint position: (116681250, 76200000)
DEBUG: board_modifier.py:84: Searching for optional ST28 footprint in /home/maes/repos/mykeyboard/first/first.kicad_pcb
DEBUG: board_modifier.py:89: Footprint not found
DEBUG: key_placer.py:854: Placing additional elements for S27
DEBUG: board_modifier.py:107: Getting S27 footprint position: (97631250, 76200000)
DEBUG: board_modifier.py:84: Searching for optional ST27 footprint in /home/maes/repos/mykeyboard/first/first.kicad_pcb
DEBUG: board_modifier.py:89: Footprint not found
DEBUG: key_placer.py:854: Placing additional elements for S26
DEBUG: board_modifier.py:107: Getting S26 footprint position: (78581250, 76200000)
DEBUG: board_modifier.py:84: Searching for optional ST26 footprint in /home/maes/repos/mykeyboard/first/first.kicad_pcb
DEBUG: board_modifier.py:89: Footprint not found
DEBUG: key_placer.py:854: Placing additional elements for S25
DEBUG: board_modifier.py:107: Getting S25 footprint position: (57150000, 76200000)
DEBUG: board_modifier.py:84: Searching for optional ST25 footprint in /home/maes/repos/mykeyboard/first/first.kicad_pcb
DEBUG: board_modifier.py:89: Footprint not found
DEBUG: key_placer.py:854: Placing additional elements for S24
DEBUG: board_modifier.py:107: Getting S24 footprint position: (328612500, 57150000)
DEBUG: board_modifier.py:84: Searching for optional ST24 footprint in /home/maes/repos/mykeyboard/first/first.kicad_pcb
DEBUG: board_modifier.py:89: Footprint not found
DEBUG: key_placer.py:854: Placing additional elements for S23
DEBUG: board_modifier.py:107: Getting S23 footprint position: (307181250, 57150000)
DEBUG: board_modifier.py:84: Searching for optional ST23 footprint in /home/maes/repos/mykeyboard/first/first.kicad_pcb
DEBUG: board_modifier.py:89: Footprint not found
DEBUG: key_placer.py:854: Placing additional elements for S22
DEBUG: board_modifier.py:107: Getting S22 footprint position: (288131250, 57150000)
DEBUG: board_modifier.py:84: Searching for optional ST22 footprint in /home/maes/repos/mykeyboard/first/first.kicad_pcb
DEBUG: board_modifier.py:89: Footprint not found
DEBUG: key_placer.py:854: Placing additional elements for S21
DEBUG: board_modifier.py:107: Getting S21 footprint position: (269081250, 57150000)
DEBUG: board_modifier.py:84: Searching for optional ST21 footprint in /home/maes/repos/mykeyboard/first/first.kicad_pcb
DEBUG: board_modifier.py:89: Footprint not found
DEBUG: key_placer.py:854: Placing additional elements for S20
DEBUG: board_modifier.py:107: Getting S20 footprint position: (250031250, 57150000)
DEBUG: board_modifier.py:84: Searching for optional ST20 footprint in /home/maes/repos/mykeyboard/first/first.kicad_pcb
DEBUG: board_modifier.py:89: Footprint not found
DEBUG: key_placer.py:854: Placing additional elements for S19
DEBUG: board_modifier.py:107: Getting S19 footprint position: (230981250, 57150000)
DEBUG: board_modifier.py:84: Searching for optional ST19 footprint in /home/maes/repos/mykeyboard/first/first.kicad_pcb
DEBUG: board_modifier.py:89: Footprint not found
DEBUG: key_placer.py:854: Placing additional elements for S18
DEBUG: board_modifier.py:107: Getting S18 footprint position: (154781250, 57150000)
DEBUG: board_modifier.py:84: Searching for optional ST18 footprint in /home/maes/repos/mykeyboard/first/first.kicad_pcb
DEBUG: board_modifier.py:89: Footprint not found
DEBUG: key_placer.py:854: Placing additional elements for S17
DEBUG: board_modifier.py:107: Getting S17 footprint position: (135731250, 57150000)
DEBUG: board_modifier.py:84: Searching for optional ST17 footprint in /home/maes/repos/mykeyboard/first/first.kicad_pcb
DEBUG: board_modifier.py:89: Footprint not found
DEBUG: key_placer.py:854: Placing additional elements for S16
DEBUG: board_modifier.py:107: Getting S16 footprint position: (116681250, 57150000)
DEBUG: board_modifier.py:84: Searching for optional ST16 footprint in /home/maes/repos/mykeyboard/first/first.kicad_pcb
DEBUG: board_modifier.py:89: Footprint not found
DEBUG: key_placer.py:854: Placing additional elements for S15
DEBUG: board_modifier.py:107: Getting S15 footprint position: (97631250, 57150000)
DEBUG: board_modifier.py:84: Searching for optional ST15 footprint in /home/maes/repos/mykeyboard/first/first.kicad_pcb
DEBUG: board_modifier.py:89: Footprint not found
DEBUG: key_placer.py:854: Placing additional elements for S14
DEBUG: board_modifier.py:107: Getting S14 footprint position: (78581250, 57150000)
DEBUG: board_modifier.py:84: Searching for optional ST14 footprint in /home/maes/repos/mykeyboard/first/first.kicad_pcb
DEBUG: board_modifier.py:89: Footprint not found
DEBUG: key_placer.py:854: Placing additional elements for S13
DEBUG: board_modifier.py:107: Getting S13 footprint position: (57150000, 57150000)
DEBUG: board_modifier.py:84: Searching for optional ST13 footprint in /home/maes/repos/mykeyboard/first/first.kicad_pcb
DEBUG: board_modifier.py:89: Footprint not found
DEBUG: key_placer.py:854: Placing additional elements for S12
DEBUG: board_modifier.py:107: Getting S12 footprint position: (328612500, 38100000)
DEBUG: board_modifier.py:84: Searching for optional ST12 footprint in /home/maes/repos/mykeyboard/first/first.kicad_pcb
DEBUG: board_modifier.py:89: Footprint not found
DEBUG: key_placer.py:854: Placing additional elements for S11
DEBUG: board_modifier.py:107: Getting S11 footprint position: (307181250, 38100000)
DEBUG: board_modifier.py:84: Searching for optional ST11 footprint in /home/maes/repos/mykeyboard/first/first.kicad_pcb
DEBUG: board_modifier.py:89: Footprint not found
DEBUG: key_placer.py:854: Placing additional elements for S10
DEBUG: board_modifier.py:107: Getting S10 footprint position: (288131250, 38100000)
DEBUG: board_modifier.py:84: Searching for optional ST10 footprint in /home/maes/repos/mykeyboard/first/first.kicad_pcb
DEBUG: board_modifier.py:89: Footprint not found
DEBUG: key_placer.py:854: Placing additional elements for S9
DEBUG: board_modifier.py:107: Getting S9 footprint position: (269081250, 38100000)
DEBUG: board_modifier.py:84: Searching for optional ST9 footprint in /home/maes/repos/mykeyboard/first/first.kicad_pcb
DEBUG: board_modifier.py:89: Footprint not found
DEBUG: key_placer.py:854: Placing additional elements for S8
DEBUG: board_modifier.py:107: Getting S8 footprint position: (250031250, 38100000)
DEBUG: board_modifier.py:84: Searching for optional ST8 footprint in /home/maes/repos/mykeyboard/first/first.kicad_pcb
DEBUG: board_modifier.py:89: Footprint not found
DEBUG: key_placer.py:854: Placing additional elements for S7
DEBUG: board_modifier.py:107: Getting S7 footprint position: (230981250, 38100000)
DEBUG: board_modifier.py:84: Searching for optional ST7 footprint in /home/maes/repos/mykeyboard/first/first.kicad_pcb
DEBUG: board_modifier.py:89: Footprint not found
DEBUG: key_placer.py:854: Placing additional elements for S6
DEBUG: board_modifier.py:107: Getting S6 footprint position: (154781250, 38100000)
DEBUG: board_modifier.py:84: Searching for optional ST6 footprint in /home/maes/repos/mykeyboard/first/first.kicad_pcb
DEBUG: board_modifier.py:89: Footprint not found
DEBUG: key_placer.py:854: Placing additional elements for S5
DEBUG: board_modifier.py:107: Getting S5 footprint position: (135731250, 38100000)
DEBUG: board_modifier.py:84: Searching for optional ST5 footprint in /home/maes/repos/mykeyboard/first/first.kicad_pcb
DEBUG: board_modifier.py:89: Footprint not found
DEBUG: key_placer.py:854: Placing additional elements for S4
DEBUG: board_modifier.py:107: Getting S4 footprint position: (116681250, 38100000)
DEBUG: board_modifier.py:84: Searching for optional ST4 footprint in /home/maes/repos/mykeyboard/first/first.kicad_pcb
DEBUG: board_modifier.py:89: Footprint not found
DEBUG: key_placer.py:854: Placing additional elements for S3
DEBUG: board_modifier.py:107: Getting S3 footprint position: (97631250, 38100000)
DEBUG: board_modifier.py:84: Searching for optional ST3 footprint in /home/maes/repos/mykeyboard/first/first.kicad_pcb
DEBUG: board_modifier.py:89: Footprint not found
DEBUG: key_placer.py:854: Placing additional elements for S2
DEBUG: board_modifier.py:107: Getting S2 footprint position: (78581250, 38100000)
DEBUG: board_modifier.py:84: Searching for optional ST2 footprint in /home/maes/repos/mykeyboard/first/first.kicad_pcb
DEBUG: board_modifier.py:89: Footprint not found
DEBUG: key_placer.py:854: Placing additional elements for S1
DEBUG: board_modifier.py:107: Getting S1 footprint position: (57150000, 38100000)
DEBUG: board_modifier.py:84: Searching for optional ST1 footprint in /home/maes/repos/mykeyboard/first/first.kicad_pcb
DEBUG: board_modifier.py:89: Footprint not found
